<?xml version="1.0" encoding="UTF-8"?>
<!-- Generated by org.testng.reporters.JUnitReportReporter -->
<testsuite skipped="1" hostname="DESKTOP-G1GANOT" name="practice.Walmart" tests="2" failures="0" timestamp="22 Sep 2019 01:49:36 GMT" time="32.842" errors="1">
  <testcase name="walmatServices" time="32.842" classname="practice.Walmart">
    <error type="org.openqa.selenium.ElementClickInterceptedException" message="element click intercepted: Element &lt;a class=&quot;i_a vf-footer-link i_c&quot; aria-label=&quot;...&quot; data-index=&quot;0&quot; data-tl-id=&quot;footer-GlobalFooterLinks-0-link-0-&quot; data-uid=&quot;r4Ow4xvQ&quot; href=&quot;https://grocery.walmart.com/?adid=1500000000000039643180&amp;amp;veh=wmt&quot; data-section-title=&quot;Footer - Walmart Services&quot;&gt;Grocery Pickup &amp;amp; Delivery&lt;/a&gt; is not clickable at point (272, 702). Other element would receive the click: &lt;a class=&quot;MultiStoryModule-overlayLink&quot; href=&quot;https://www.walmart.com/cp/5101985?athcpid=d83ecd66-8814-432f-aa68-13d56f192828&amp;amp;athpgid=athenaHomepage&amp;amp;athznid=athenaModuleZone&amp;amp;athmtid=AthenaMultiStoryModule&amp;amp;athtvid=2&amp;amp;athena=true&amp;amp;athstid=CS011&amp;amp;athftid=P0000&amp;amp;athguid=466001f5-46cfa622-7dab299e9a18a716&quot; aria-label=&quot;For women It’s all about prairie dresses, animal prints, &amp;amp; then some.&quot; data-uid=&quot;OOr1AM_s&quot; style=&quot;background-image: url(&amp;quot;about:blank&amp;quot;);&quot;&gt;&lt;/a&gt;
  (Session info: chrome=76.0.3809.132)
Build info: version: &#039;3.141.59&#039;, revision: &#039;e82be7d358&#039;, time: &#039;2018-11-14T08:17:03&#039;
System info: host: &#039;DESKTOP-G1GANOT&#039;, ip: &#039;192.168.65.1&#039;, os.name: &#039;Windows 10&#039;, os.arch: &#039;amd64&#039;, os.version: &#039;10.0&#039;, java.version: &#039;1.8.0_201&#039;
Driver info: org.openqa.selenium.chrome.ChromeDriver
Capabilities {acceptInsecureCerts: false, browserName: chrome, browserVersion: 76.0.3809.132, chrome: {chromedriverVersion: 76.0.3809.126 (d80a294506b4..., userDataDir: C:\Users\saadi\AppData\Loca...}, goog:chromeOptions: {debuggerAddress: localhost:55397}, javascriptEnabled: true, networkConnectionEnabled: false, pageLoadStrategy: normal, platform: XP, platformName: XP, proxy: Proxy(), setWindowRect: true, strictFileInteractability: false, timeouts: {implicit: 0, pageLoad: 300000, script: 30000}, unhandledPromptBehavior: dismiss and notify}
Session ID: 498acb02e4eac9b3825e68a8bec1235d">
      <![CDATA[org.openqa.selenium.ElementClickInterceptedException: element click intercepted: Element <a class="i_a vf-footer-link i_c" aria-label="..." data-index="0" data-tl-id="footer-GlobalFooterLinks-0-link-0-" data-uid="r4Ow4xvQ" href="https://grocery.walmart.com/?adid=1500000000000039643180&amp;veh=wmt" data-section-title="Footer - Walmart Services">Grocery Pickup &amp; Delivery</a> is not clickable at point (272, 702). Other element would receive the click: <a class="MultiStoryModule-overlayLink" href="https://www.walmart.com/cp/5101985?athcpid=d83ecd66-8814-432f-aa68-13d56f192828&amp;athpgid=athenaHomepage&amp;athznid=athenaModuleZone&amp;athmtid=AthenaMultiStoryModule&amp;athtvid=2&amp;athena=true&amp;athstid=CS011&amp;athftid=P0000&amp;athguid=466001f5-46cfa622-7dab299e9a18a716" aria-label="For women It’s all about prairie dresses, animal prints, &amp; then some." data-uid="OOr1AM_s" style="background-image: url(&quot;about:blank&quot;);"></a>
  (Session info: chrome=76.0.3809.132)
Build info: version: '3.141.59', revision: 'e82be7d358', time: '2018-11-14T08:17:03'
System info: host: 'DESKTOP-G1GANOT', ip: '192.168.65.1', os.name: 'Windows 10', os.arch: 'amd64', os.version: '10.0', java.version: '1.8.0_201'
Driver info: org.openqa.selenium.chrome.ChromeDriver
Capabilities {acceptInsecureCerts: false, browserName: chrome, browserVersion: 76.0.3809.132, chrome: {chromedriverVersion: 76.0.3809.126 (d80a294506b4..., userDataDir: C:\Users\saadi\AppData\Loca...}, goog:chromeOptions: {debuggerAddress: localhost:55397}, javascriptEnabled: true, networkConnectionEnabled: false, pageLoadStrategy: normal, platform: XP, platformName: XP, proxy: Proxy(), setWindowRect: true, strictFileInteractability: false, timeouts: {implicit: 0, pageLoad: 300000, script: 30000}, unhandledPromptBehavior: dismiss and notify}
Session ID: 498acb02e4eac9b3825e68a8bec1235d
at sun.reflect.NativeConstructorAccessorImpl.newInstance0(Native Method)
at sun.reflect.NativeConstructorAccessorImpl.newInstance(Unknown Source)
at sun.reflect.DelegatingConstructorAccessorImpl.newInstance(Unknown Source)
at java.lang.reflect.Constructor.newInstance(Unknown Source)
at org.openqa.selenium.remote.http.W3CHttpResponseCodec.createException(W3CHttpResponseCodec.java:187)
at org.openqa.selenium.remote.http.W3CHttpResponseCodec.decode(W3CHttpResponseCodec.java:122)
at org.openqa.selenium.remote.http.W3CHttpResponseCodec.decode(W3CHttpResponseCodec.java:49)
at org.openqa.selenium.remote.HttpCommandExecutor.execute(HttpCommandExecutor.java:158)
at org.openqa.selenium.remote.service.DriverCommandExecutor.execute(DriverCommandExecutor.java:83)
at org.openqa.selenium.remote.RemoteWebDriver.execute(RemoteWebDriver.java:552)
at org.openqa.selenium.remote.RemoteWebElement.execute(RemoteWebElement.java:285)
at org.openqa.selenium.remote.RemoteWebElement.click(RemoteWebElement.java:84)
at practice.Walmart.walmatServices(Walmart.java:52)
at sun.reflect.NativeMethodAccessorImpl.invoke0(Native Method)
at sun.reflect.NativeMethodAccessorImpl.invoke(Unknown Source)
at sun.reflect.DelegatingMethodAccessorImpl.invoke(Unknown Source)
at java.lang.reflect.Method.invoke(Unknown Source)
at org.testng.internal.MethodInvocationHelper.invokeMethod(MethodInvocationHelper.java:124)
at org.testng.internal.Invoker.invokeMethod(Invoker.java:583)
at org.testng.internal.Invoker.invokeTestMethod(Invoker.java:719)
at org.testng.internal.Invoker.invokeTestMethods(Invoker.java:989)
at org.testng.internal.TestMethodWorker.invokeTestMethods(TestMethodWorker.java:125)
at org.testng.internal.TestMethodWorker.run(TestMethodWorker.java:109)
at org.testng.TestRunner.privateRun(TestRunner.java:648)
at org.testng.TestRunner.run(TestRunner.java:505)
at org.testng.SuiteRunner.runTest(SuiteRunner.java:455)
at org.testng.SuiteRunner.runSequentially(SuiteRunner.java:450)
at org.testng.SuiteRunner.privateRun(SuiteRunner.java:415)
at org.testng.SuiteRunner.run(SuiteRunner.java:364)
at org.testng.SuiteRunnerWorker.runSuite(SuiteRunnerWorker.java:52)
at org.testng.SuiteRunnerWorker.run(SuiteRunnerWorker.java:84)
at org.testng.TestNG.runSuitesSequentially(TestNG.java:1208)
at org.testng.TestNG.runSuitesLocally(TestNG.java:1137)
at org.testng.TestNG.runSuites(TestNG.java:1049)
at org.testng.TestNG.run(TestNG.java:1017)
at org.testng.remote.AbstractRemoteTestNG.run(AbstractRemoteTestNG.java:115)
at org.testng.remote.RemoteTestNG.initAndRun(RemoteTestNG.java:251)
at org.testng.remote.RemoteTestNG.main(RemoteTestNG.java:77)
]]>
    </error>
  </testcase> <!-- walmatServices -->
  <testcase name="humburgerButon" classname="practice.Walmart">
    <skipped/>
  </testcase> <!-- humburgerButon -->
</testsuite> <!-- practice.Walmart -->
